<?xml version="1.0" encoding="UTF-8"?>
<!-- Generated by org.testng.reporters.JUnitXMLReporter -->
<testsuite ignored="5" hostname="DESKTOP-JJE516S" failures="2" tests="2" name="Test" time="1.097" errors="0" timestamp="2023-05-19T10:02:48 IST">
  <testcase classname="testcomponent.MavenTest" name="test01" time="0.066">
    <failure type="java.lang.NullPointerException">
      <![CDATA[java.lang.NullPointerException
at utility.WebUtil.pageOpen(WebUtil.java:73)
at pagecomponent.HomePages.hMenuValidation(HomePages.java:113)
at testcomponent.MavenTest.test01(MavenTest.java:16)
at java.base/java.util.ArrayList.forEach(ArrayList.java:1541)
... Removed 27 stack frames]]>
    </failure>
  </testcase> <!-- test01 -->
  <testcase classname="testcomponent.MavenTest" name="test02" time="0.914">
    <failure type="java.lang.NullPointerException">
      <![CDATA[java.lang.NullPointerException
at org.openqa.selenium.support.pagefactory.DefaultElementLocator.findElement(DefaultElementLocator.java:70)
at org.openqa.selenium.support.pagefactory.internal.LocatingElementHandler.invoke(LocatingElementHandler.java:39)
at com.sun.proxy.$Proxy11.click(Unknown Source)
at utility.WebUtil.eleClick(WebUtil.java:85)
at pagecomponent.HomePages.validPincodeValidation(HomePages.java:159)
at testcomponent.MavenTest.test02(MavenTest.java:25)
at java.base/java.util.ArrayList.forEach(ArrayList.java:1541)
... Removed 27 stack frames]]>
    </failure>
  </testcase> <!-- test02 -->
  <testcase classname="testcomponent.MavenTest" name="test05" time="0.0">
    <ignored/>
  </testcase> <!-- test05 -->
  <testcase classname="testcomponent.MavenTest" name="test04" time="0.0">
    <ignored/>
  </testcase> <!-- test04 -->
  <testcase classname="testcomponent.MavenTest" name="test03" time="0.0">
    <ignored/>
  </testcase> <!-- test03 -->
  <testcase classname="testcomponent.MavenTest" name="test07" time="0.0">
    <ignored/>
  </testcase> <!-- test07 -->
  <testcase classname="testcomponent.MavenTest" name="test06" time="0.0">
    <ignored/>
  </testcase> <!-- test06 -->
</testsuite> <!-- Test -->
