<?xml version="1.0" encoding="UTF-8"?>
<!-- Generated by org.testng.reporters.JUnitXMLReporter -->
<testsuite ignored="5" hostname="DESKTOP-JJE516S" failures="0" tests="2" name="Test" time="44.287" errors="0" timestamp="2023-05-17T12:08:14 IST">
  <testcase classname="testcomponent.MavenTest" name="test03" time="12.971"/>
  <testcase classname="testcomponent.MavenTest" name="test04" time="17.281"/>
  <testcase classname="testcomponent.MavenTest" name="test01" time="0.0">
    <ignored/>
  </testcase> <!-- test01 -->
  <testcase classname="testcomponent.MavenTest" name="test02" time="0.0">
    <ignored/>
  </testcase> <!-- test02 -->
  <testcase classname="testcomponent.MavenTest" name="test05" time="0.0">
    <ignored/>
  </testcase> <!-- test05 -->
  <testcase classname="testcomponent.MavenTest" name="test06" time="0.0">
    <ignored/>
  </testcase> <!-- test06 -->
  <testcase classname="testcomponent.MavenTest" name="test07" time="0.0">
    <ignored/>
  </testcase> <!-- test07 -->
</testsuite> <!-- Test -->
