<?xml version="1.0" encoding="UTF-8"?>
<testng-results ignored="5" total="7" passed="2" failed="0" skipped="0">
  <reporter-output>
  </reporter-output>
  <suite started-at="2023-05-17T12:07:30 IST" name="Suite" finished-at="2023-05-17T12:08:14 IST" duration-ms="44287">
    <groups>
      <group name="sanity">
        <method signature="MavenTest.test03()[pri:0, instance:testcomponent.MavenTest@470734c3]" name="test03" class="testcomponent.MavenTest"/>
        <method signature="MavenTest.test04()[pri:0, instance:testcomponent.MavenTest@470734c3]" name="test04" class="testcomponent.MavenTest"/>
      </group> <!-- sanity -->
    </groups>
    <test started-at="2023-05-17T12:07:30 IST" name="Test" finished-at="2023-05-17T12:08:14 IST" duration-ms="44287">
      <class name="testcomponent.MavenTest">
        <test-method is-config="true" signature="beforetest()[pri:0, instance:testcomponent.MavenTest@470734c3]" started-at="2023-05-17T12:07:30 IST" name="beforetest" finished-at="2023-05-17T12:07:38 IST" duration-ms="8315" status="PASS">
          <reporter-output>
          </reporter-output>
        </test-method> <!-- beforetest -->
        <test-method signature="test03()[pri:0, instance:testcomponent.MavenTest@470734c3]" started-at="2023-05-17T12:07:38 IST" name="test03" finished-at="2023-05-17T12:07:51 IST" duration-ms="12971" status="PASS">
          <reporter-output>
          </reporter-output>
        </test-method> <!-- test03 -->
        <test-method is-config="true" signature="aftertest()[pri:0, instance:testcomponent.MavenTest@470734c3]" started-at="2023-05-17T12:07:51 IST" name="aftertest" finished-at="2023-05-17T12:07:51 IST" duration-ms="134" status="PASS">
          <reporter-output>
          </reporter-output>
        </test-method> <!-- aftertest -->
        <test-method is-config="true" signature="beforetest()[pri:0, instance:testcomponent.MavenTest@470734c3]" started-at="2023-05-17T12:07:51 IST" name="beforetest" finished-at="2023-05-17T12:07:56 IST" duration-ms="5367" status="PASS">
          <reporter-output>
          </reporter-output>
        </test-method> <!-- beforetest -->
        <test-method signature="test04()[pri:0, instance:testcomponent.MavenTest@470734c3]" started-at="2023-05-17T12:07:56 IST" name="test04" finished-at="2023-05-17T12:08:14 IST" duration-ms="17281" status="PASS">
          <reporter-output>
          </reporter-output>
        </test-method> <!-- test04 -->
        <test-method is-config="true" signature="aftertest()[pri:0, instance:testcomponent.MavenTest@470734c3]" started-at="2023-05-17T12:08:14 IST" name="aftertest" finished-at="2023-05-17T12:08:14 IST" duration-ms="149" status="PASS">
          <reporter-output>
          </reporter-output>
        </test-method> <!-- aftertest -->
      </class> <!-- testcomponent.MavenTest -->
    </test> <!-- Test -->
  </suite> <!-- Suite -->
</testng-results>
